<?xml version="1.0" encoding="UTF-8"?>
<testng-results ignored="0" total="1" passed="1" failed="0" skipped="0">
  <reporter-output>
  </reporter-output>
  <suite started-at="2023-08-29T17:25:10 IST" name="Default suite" finished-at="2023-08-29T17:25:11 IST" duration-ms="1386">
    <groups>
    </groups>
    <test started-at="2023-08-29T17:25:10 IST" name="Default test" finished-at="2023-08-29T17:25:11 IST" duration-ms="1386">
      <class name="tests.FirstTest">
        <test-method signature="secondTest()[pri:0, instance:tests.FirstTest@1f0f1111]" started-at="2023-08-29T17:25:10 IST" name="secondTest" finished-at="2023-08-29T17:25:11 IST" duration-ms="1341" status="PASS">
          <reporter-output>
          </reporter-output>
        </test-method> <!-- secondTest -->
      </class> <!-- tests.FirstTest -->
    </test> <!-- Default test -->
  </suite> <!-- Default suite -->
</testng-results>
